#
# A fatal error has been detected by the Java Runtime Environment:
#
#  EXCEPTION_ACCESS_VIOLATION (0xc0000005) at pc=0x000000005c10d7e6, pid=23484, tid=24864
#
# JRE version: Java(TM) SE Runtime Environment (10.0.1+10) (build 10.0.1+10)
# Java VM: Java HotSpot(TM) 64-Bit Server VM (10.0.1+10, mixed mode, tiered, compressed oops, g1 gc, windows-amd64)
# Problematic frame:
# V  [jvm.dll+0x61d7e6]
#
# No core dump will be written. Minidumps are not enabled by default on client versions of Windows
#
# If you would like to submit a bug report, please visit:
#   http://bugreport.java.com/bugreport/crash.jsp
#

---------------  S U M M A R Y ------------

Command Line: -agentlib:jdwp=transport=dt_socket,suspend=y,address=localhost:62533 -ea -Dfile.encoding=Cp1252 org.testng.remote.RemoteTestNG -serport 62530 -protocol json -d C:\Users\pavan\eclipse-workspace\JungleSocks\test-output C:\Users\pavan\AppData\Local\Temp\testng-eclipse-2054583300\testng-customsuite.xml

Host: Intel(R) Core(TM) i7-8550U CPU @ 1.80GHz, 8 cores, 11G,  Windows 10 , 64 bit Build 17134 (10.0.17134.1)
Time: Sun Jun 03 11:23:25 2018 Pacific Daylight Time elapsed time: 1190 seconds (0d 0h 19m 50s)

---------------  T H R E A D  ---------------

Current thread (0x0000019e47915800):  VMThread "VM Thread" [stack: 0x0000005a64b00000,0x0000005a64c00000] [id=24864]

Stack: [0x0000005a64b00000,0x0000005a64c00000],  sp=0x0000005a64bfef00,  free space=1019k
Native frames: (J=compiled Java code, j=interpreted, Vv=VM code, C=native code)
V  [jvm.dll+0x61d7e6]
V  [jvm.dll+0x31dbe3]
V  [jvm.dll+0x31fc2b]
V  [jvm.dll+0x3201ce]
V  [jvm.dll+0x31d9a5]
V  [jvm.dll+0x31cd63]
V  [jvm.dll+0x590c0f]
V  [jvm.dll+0x590ff6]
V  [jvm.dll+0x590db6]
V  [jvm.dll+0x55c228]
V  [jvm.dll+0x473b9a]
V  [jvm.dll+0x6c485c]
V  [jvm.dll+0x6c2fc5]
V  [jvm.dll+0x6c37d0]
V  [jvm.dll+0x6c3b0c]
V  [jvm.dll+0x59f680]
C  [msvcr120.dll+0x24f7f]
C  [msvcr120.dll+0x25126]
C  [KERNEL32.DLL+0x13034]
C  [ntdll.dll+0x71551]


siginfo: EXCEPTION_ACCESS_VIOLATION (0xc0000005), reading address 0x0000000000000006


Register to memory mapping:

RIP=0x000000005c10d7e6 jvm.dll
RAX=0x0000000000000000 is an unknown value
RBX=0x0000000000000000 is an unknown value
RCX=0x0000005a64bfef60 is an unknown value
RDX=0x0000000000000000 is an unknown value
RSP=0x0000005a64bfef00 is an unknown value
RBP=0x0000005a64bff480 is an unknown value
RSI=0x0000000000000000 is an unknown value
RDI=0x0000005a64bff600 is an unknown value
R8 =0x0000000000000000 is an unknown value
R9 =0x0000019e48ae4d78 is pointing into metadata
R10={method} {0x0000019e48ae5cb0} 'DataEntry' '()V' in 'Socks/ProductCatalogPage'
R11=0x0000005a64bff3c0 is an unknown value
R12=0x000000005c26d601 jvm.dll
R13=0x0000000000000000 is an unknown value
R14=0x0000000000000000 is an unknown value
R15=0x0000000000000000 is an unknown value


Registers:
RAX=0x0000000000000000, RBX=0x0000000000000000, RCX=0x0000005a64bfef60, RDX=0x0000000000000000
RSP=0x0000005a64bfef00, RBP=0x0000005a64bff480, RSI=0x0000000000000000, RDI=0x0000005a64bff600
R8 =0x0000000000000000, R9 =0x0000019e48ae4d78, R10=0x0000019e48ae5ca8, R11=0x0000005a64bff3c0
R12=0x000000005c26d601, R13=0x0000000000000000, R14=0x0000000000000000, R15=0x0000000000000000
RIP=0x000000005c10d7e6, EFLAGS=0x0000000000010206

Top of Stack: (sp=0x0000005a64bfef00)
0x0000005a64bfef00:   0000005a64bfef60 000000005c10de76
0x0000005a64bfef10:   0000019e447343a8 00000000000003d8
0x0000005a64bfef20:   0000000000000000 000000005be0dbe3
0x0000005a64bfef30:   0000000000000001 0000005a64bff600
0x0000005a64bfef40:   ffffffffffffffff 0000005a64bff540
0x0000005a64bfef50:   0000019e447341d0 0000000000000000
0x0000005a64bfef60:   000000005c2b8488 0000000000000000
0x0000005a64bfef70:   0000000000000000 0000005a0000000c
0x0000005a64bfef80:   0000005a64bfef90 0000000000000000
0x0000005a64bfef90:   0000000046000051 0000000000000008
0x0000005a64bfefa0:   4fffffff4fffffff 0000019e4477c880
0x0000005a64bfefb0:   0000000000000027 2fffffff0000000c
0x0000005a64bfefc0:   0000005a64bfefe0 0000000000000003
0x0000005a64bfefd0:   000000004600003b 00000000000003d8
0x0000005a64bfefe0:   4fffffff4fffffff 0000019e4fffffff
0x0000005a64bfeff0:   0000000000000000 000000005c0811d8 

Instructions: (pc=0x000000005c10d7e6)
0x000000005c10d7c6:   61 00 8d d7 61 00 cc cc cc cc 40 53 48 83 ec 20
0x000000005c10d7d6:   48 8b 41 08 c7 41 10 00 00 00 00 48 89 7c 24 38
0x000000005c10d7e6:   80 78 06 28 48 8b d9 74 22 41 b9 28 00 00 00 4c
0x000000005c10d7f6:   8d 05 64 36 1f 00 48 8d 0d 6d 36 1f 00 41 8d 51 


VM_Operation (0x0000005a655ff800): GetOrSetLocal, mode: safepoint, requested by thread 0x0000019e47b8c800


---------------  P R O C E S S  ---------------

Threads class SMR info:
_java_thread_list=0x0000019e484bf630, length=20, elements={
0x0000019e26a43000, 0x0000019e47946000, 0x0000019e47957000, 0x0000019e4795e800,
0x0000019e47960800, 0x0000019e4796b000, 0x0000019e47970000, 0x0000019e4796c800,
0x0000019e4796d800, 0x0000019e4798d800, 0x0000019e47b8c800, 0x0000019e47bb0000,
0x0000019e47bb8800, 0x0000019e47bcc000, 0x0000019e47bd6800, 0x0000019e4843c800,
0x0000019e489db800, 0x0000019e48d74800, 0x0000019e48d75800, 0x0000019e491fc000
}

Java Threads: ( => current thread )
  0x0000019e26a43000 JavaThread "main" [_thread_blocked, id=9960, stack(0x0000005a63600000,0x0000005a63700000)]
  0x0000019e47946000 JavaThread "Reference Handler" daemon [_thread_blocked, id=4080, stack(0x0000005a64c00000,0x0000005a64d00000)]
  0x0000019e47957000 JavaThread "Finalizer" daemon [_thread_blocked, id=25264, stack(0x0000005a64d00000,0x0000005a64e00000)]
  0x0000019e4795e800 JavaThread "Signal Dispatcher" daemon [_thread_blocked, id=24396, stack(0x0000005a64e00000,0x0000005a64f00000)]
  0x0000019e47960800 JavaThread "Attach Listener" daemon [_thread_blocked, id=19060, stack(0x0000005a64f00000,0x0000005a65000000)]
  0x0000019e4796b000 JavaThread "C2 CompilerThread0" daemon [_thread_blocked, id=20104, stack(0x0000005a65000000,0x0000005a65100000)]
  0x0000019e47970000 JavaThread "C2 CompilerThread1" daemon [_thread_blocked, id=22048, stack(0x0000005a65100000,0x0000005a65200000)]
  0x0000019e4796c800 JavaThread "C2 CompilerThread2" daemon [_thread_blocked, id=17524, stack(0x0000005a65200000,0x0000005a65300000)]
  0x0000019e4796d800 JavaThread "C1 CompilerThread3" daemon [_thread_blocked, id=16360, stack(0x0000005a65300000,0x0000005a65400000)]
  0x0000019e4798d800 JavaThread "Sweeper thread" daemon [_thread_blocked, id=23368, stack(0x0000005a65400000,0x0000005a65500000)]
  0x0000019e47b8c800 JavaThread "JDWP Transport Listener: dt_socket" daemon [_thread_blocked, id=19544, stack(0x0000005a65500000,0x0000005a65600000)] _threads_hazard_ptr=0x0000019e484bf630
  0x0000019e47bb0000 JavaThread "JDWP Event Helper Thread" daemon [_thread_blocked, id=20904, stack(0x0000005a65600000,0x0000005a65700000)]
  0x0000019e47bb8800 JavaThread "JDWP Command Reader" daemon [_thread_blocked, id=26340, stack(0x0000005a65700000,0x0000005a65800000)]
  0x0000019e47bcc000 JavaThread "Service Thread" daemon [_thread_blocked, id=16304, stack(0x0000005a65800000,0x0000005a65900000)]
  0x0000019e47bd6800 JavaThread "Common-Cleaner" daemon [_thread_blocked, id=22920, stack(0x0000005a65900000,0x0000005a65a00000)]
  0x0000019e4843c800 JavaThread "ReaderThread" [_thread_in_native, id=24132, stack(0x0000005a65c00000,0x0000005a65d00000)]
  0x0000019e489db800 JavaThread "Exec Default Executor" daemon [_thread_in_native, id=25328, stack(0x0000005a65d00000,0x0000005a65e00000)]
  0x0000019e48d74800 JavaThread "Exec Stream Pumper" daemon [_thread_in_native, id=23372, stack(0x0000005a65f00000,0x0000005a66000000)]
  0x0000019e48d75800 JavaThread "Exec Stream Pumper" daemon [_thread_in_native, id=20472, stack(0x0000005a66000000,0x0000005a66100000)]
  0x0000019e491fc000 JavaThread "Okio Watchdog" daemon [_thread_blocked, id=21832, stack(0x0000005a66300000,0x0000005a66400000)]

Other Threads:
=>0x0000019e47915800 VMThread "VM Thread" [stack: 0x0000005a64b00000,0x0000005a64c00000] [id=24864]
  0x0000019e47bdc000 WatcherThread [stack: 0x0000005a65a00000,0x0000005a65b00000] [id=19872]
  0x0000019e26a5e000 GCTaskThread "GC Thread#0" [stack: 0x0000005a63700000,0x0000005a63800000] [id=11628]
  0x0000019e26a60800 GCTaskThread "GC Thread#1" [stack: 0x0000005a63800000,0x0000005a63900000] [id=25368]
  0x0000019e26a63800 GCTaskThread "GC Thread#2" [stack: 0x0000005a63900000,0x0000005a63a00000] [id=20732]
  0x0000019e26a65800 GCTaskThread "GC Thread#3" [stack: 0x0000005a63a00000,0x0000005a63b00000] [id=16460]
  0x0000019e26a68000 GCTaskThread "GC Thread#4" [stack: 0x0000005a63b00000,0x0000005a63c00000] [id=12888]
  0x0000019e26a70800 GCTaskThread "GC Thread#5" [stack: 0x0000005a63c00000,0x0000005a63d00000] [id=21780]
  0x0000019e26a72800 GCTaskThread "GC Thread#6" [stack: 0x0000005a63d00000,0x0000005a63e00000] [id=1128]
  0x0000019e26a75800 GCTaskThread "GC Thread#7" [stack: 0x0000005a63e00000,0x0000005a63f00000] [id=19288]
  0x0000019e26b15800 ConcurrentGCThread "G1 Main Marker" [stack: 0x0000005a63f00000,0x0000005a64000000] [id=22948]
  0x0000019e26b1a800 ConcurrentGCThread "G1 Conc#0" [stack: 0x0000005a64000000,0x0000005a64100000] [id=23928]
  0x0000019e44667800 ConcurrentGCThread "G1 Conc#1" [stack: 0x0000005a64100000,0x0000005a64200000] [id=6136]
  0x0000019e446a5800 ConcurrentGCThread "G1 Refine#0" [stack: 0x0000005a64200000,0x0000005a64300000] [id=25636]
  0x0000019e44728000 ConcurrentGCThread "G1 Refine#1" [stack: 0x0000005a64300000,0x0000005a64400000] [id=21996]
  0x0000019e4472b000 ConcurrentGCThread "G1 Refine#2" [stack: 0x0000005a64400000,0x0000005a64500000] [id=11956]
  0x0000019e44730000 ConcurrentGCThread "G1 Refine#3" [stack: 0x0000005a64500000,0x0000005a64600000] [id=23300]
  0x0000019e44732000 ConcurrentGCThread "G1 Refine#4" [stack: 0x0000005a64600000,0x0000005a64700000] [id=25216]
  0x0000019e44733000 ConcurrentGCThread "G1 Refine#5" [stack: 0x0000005a64700000,0x0000005a64800000] [id=16096]
  0x0000019e4473d800 ConcurrentGCThread "G1 Refine#6" [stack: 0x0000005a64800000,0x0000005a64900000] [id=7748]
  0x0000019e44742000 ConcurrentGCThread "G1 Refine#7" [stack: 0x0000005a64900000,0x0000005a64a00000] [id=19900]
  0x0000019e44743000 ConcurrentGCThread "G1 Young RemSet Sampling" [stack: 0x0000005a64a00000,0x0000005a64b00000] [id=17688]

Threads with active compile tasks:

VM state:at safepoint (normal execution)

VM Mutex/Monitor currently owned by a thread:  ([mutex/lock_event])
[0x0000019e26a42240] Threads_lock - owner thread: 0x0000019e47915800

Heap address: 0x0000000701800000, size: 3048 MB, Compressed Oops mode: Zero based, Oop shift amount: 3
Narrow klass base: 0x0000000000000000, Narrow klass shift: 3
Compressed class space size: 1073741824 Address: 0x00000007c0000000

Heap:
 garbage-first heap   total 196608K, used 10113K [0x0000000701800000, 0x00000007c0000000)
  region size 1024K, 8 young (8192K), 5 survivors (5120K)
 Metaspace       used 20858K, capacity 21321K, committed 21760K, reserved 1069056K
  class space    used 2331K, capacity 2525K, committed 2560K, reserved 1048576K
Heap Regions: E=young(eden), S=young(survivor), O=old, HS=humongous(starts), HC=humongous(continues), CS=collection set, F=free, A=archive, TS=gc time stamp, AC=allocation context, TAMS=top-at-mark-start (previous, next)
|   0|0x0000000701800000, 0x0000000701900000, 0x0000000701900000|100%|HS|  |TS  0|AC  0|TAMS 0x0000000701900000, 0x0000000701900000|
|   1|0x0000000701900000, 0x0000000701a00000, 0x0000000701a00000|100%| O|  |TS  0|AC  0|TAMS 0x0000000701a00000, 0x0000000701a00000|
|   2|0x0000000701a00000, 0x0000000701b00000, 0x0000000701b00000|100%| O|  |TS  0|AC  0|TAMS 0x0000000701b00000, 0x0000000701b00000|
|   3|0x0000000701b00000, 0x0000000701b46200, 0x0000000701c00000| 27%| O|  |TS  0|AC  0|TAMS 0x0000000701b46200, 0x0000000701b46200|
|   4|0x0000000701c00000, 0x0000000701c00000, 0x0000000701d00000|  0%| F|  |TS  0|AC  0|TAMS 0x0000000701c00000, 0x0000000701c00000|
|   5|0x0000000701d00000, 0x0000000701d00000, 0x0000000701e00000|  0%| F|  |TS  0|AC  0|TAMS 0x0000000701d00000, 0x0000000701d00000|
|   6|0x0000000701e00000, 0x0000000701e00000, 0x0000000701f00000|  0%| F|  |TS  0|AC  0|TAMS 0x0000000701e00000, 0x0000000701e00000|
|   7|0x0000000701f00000, 0x0000000701f00000, 0x0000000702000000|  0%| F|  |TS  0|AC  0|TAMS 0x0000000701f00000, 0x0000000701f00000|
|   8|0x0000000702000000, 0x0000000702000000, 0x0000000702100000|  0%| F|  |TS  0|AC  0|TAMS 0x0000000702000000, 0x0000000702000000|
|   9|0x0000000702100000, 0x0000000702100000, 0x0000000702200000|  0%| F|  |TS  0|AC  0|TAMS 0x0000000702100000, 0x0000000702100000|
|  10|0x0000000702200000, 0x0000000702200000, 0x0000000702300000|  0%| F|  |TS  0|AC  0|TAMS 0x0000000702200000, 0x0000000702200000|
|  11|0x0000000702300000, 0x0000000702300000, 0x0000000702400000|  0%| F|  |TS  0|AC  0|TAMS 0x0000000702300000, 0x0000000702300000|
|  12|0x0000000702400000, 0x0000000702400000, 0x0000000702500000|  0%| F|  |TS  0|AC  0|TAMS 0x0000000702400000, 0x0000000702400000|
|  13|0x0000000702500000, 0x0000000702500000, 0x0000000702600000|  0%| F|  |TS  0|AC  0|TAMS 0x0000000702500000, 0x0000000702500000|
|  14|0x0000000702600000, 0x0000000702600000, 0x0000000702700000|  0%| F|  |TS  0|AC  0|TAMS 0x0000000702600000, 0x0000000702600000|
|  15|0x0000000702700000, 0x0000000702700000, 0x0000000702800000|  0%| F|  |TS  0|AC  0|TAMS 0x0000000702700000, 0x0000000702700000|
|  16|0x0000000702800000, 0x0000000702800000, 0x0000000702900000|  0%| F|  |TS  0|AC  0|TAMS 0x0000000702800000, 0x0000000702800000|
|  17|0x0000000702900000, 0x0000000702900000, 0x0000000702a00000|  0%| F|  |TS  0|AC  0|TAMS 0x0000000702900000, 0x0000000702900000|
|  18|0x0000000702a00000, 0x0000000702a00000, 0x0000000702b00000|  0%| F|  |TS  0|AC  0|TAMS 0x0000000702a00000, 0x0000000702a00000|
|  19|0x0000000702b00000, 0x0000000702b00000, 0x0000000702c00000|  0%| F|  |TS  0|AC  0|TAMS 0x0000000702b00000, 0x0000000702b00000|
|  20|0x0000000702c00000, 0x0000000702c00000, 0x0000000702d00000|  0%| F|  |TS  0|AC  0|TAMS 0x0000000702c00000, 0x0000000702c00000|
|  21|0x0000000702d00000, 0x0000000702d00000, 0x0000000702e00000|  0%| F|  |TS  0|AC  0|TAMS 0x0000000702d00000, 0x0000000702d00000|
|  22|0x0000000702e00000, 0x0000000702e00000, 0x0000000702f00000|  0%| F|  |TS  0|AC  0|TAMS 0x0000000702e00000, 0x0000000702e00000|
|  23|0x0000000702f00000, 0x0000000702f00000, 0x0000000703000000|  0%| F|  |TS  0|AC  0|TAMS 0x0000000702f00000, 0x0000000702f00000|
|  24|0x0000000703000000, 0x0000000703000000, 0x0000000703100000|  0%| F|  |TS  0|AC  0|TAMS 0x0000000703000000, 0x0000000703000000|
|  25|0x0000000703100000, 0x0000000703100000, 0x0000000703200000|  0%| F|  |TS  0|AC  0|TAMS 0x0000000703100000, 0x0000000703100000|
|  26|0x0000000703200000, 0x0000000703200000, 0x0000000703300000|  0%| F|  |TS  0|AC  0|TAMS 0x0000000703200000, 0x0000000703200000|
|  27|0x0000000703300000, 0x0000000703300000, 0x0000000703400000|  0%| F|  |TS  0|AC  0|TAMS 0x0000000703300000, 0x0000000703300000|
|  28|0x0000000703400000, 0x0000000703400000, 0x0000000703500000|  0%| F|  |TS  0|AC  0|TAMS 0x0000000703400000, 0x0000000703400000|
|  29|0x0000000703500000, 0x0000000703500000, 0x0000000703600000|  0%| F|  |TS  0|AC  0|TAMS 0x0000000703500000, 0x0000000703500000|
|  30|0x0000000703600000, 0x0000000703600000, 0x0000000703700000|  0%| F|  |TS  0|AC  0|TAMS 0x0000000703600000, 0x0000000703600000|
|  31|0x0000000703700000, 0x0000000703700000, 0x0000000703800000|  0%| F|  |TS  0|AC  0|TAMS 0x0000000703700000, 0x0000000703700000|
|  32|0x0000000703800000, 0x0000000703800000, 0x0000000703900000|  0%| F|  |TS  0|AC  0|TAMS 0x0000000703800000, 0x0000000703800000|
|  33|0x0000000703900000, 0x0000000703900000, 0x0000000703a00000|  0%| F|  |TS  0|AC  0|TAMS 0x0000000703900000, 0x0000000703900000|
|  34|0x0000000703a00000, 0x0000000703a00000, 0x0000000703b00000|  0%| F|  |TS  0|AC  0|TAMS 0x0000000703a00000, 0x0000000703a00000|
|  35|0x0000000703b00000, 0x0000000703b00000, 0x0000000703c00000|  0%| F|  |TS  0|AC  0|TAMS 0x0000000703b00000, 0x0000000703b00000|
|  36|0x0000000703c00000, 0x0000000703c00000, 0x0000000703d00000|  0%| F|  |TS  0|AC  0|TAMS 0x0000000703c00000, 0x0000000703c00000|
|  37|0x0000000703d00000, 0x0000000703d00000, 0x0000000703e00000|  0%| F|  |TS  0|AC  0|TAMS 0x0000000703d00000, 0x0000000703d00000|
|  38|0x0000000703e00000, 0x0000000703e00000, 0x0000000703f00000|  0%| F|  |TS  0|AC  0|TAMS 0x0000000703e00000, 0x0000000703e00000|
|  39|0x0000000703f00000, 0x0000000703f00000, 0x0000000704000000|  0%| F|  |TS  0|AC  0|TAMS 0x0000000703f00000, 0x0000000703f00000|
|  40|0x0000000704000000, 0x0000000704000000, 0x0000000704100000|  0%| F|  |TS  0|AC  0|TAMS 0x0000000704000000, 0x0000000704000000|
|  41|0x0000000704100000, 0x0000000704100000, 0x0000000704200000|  0%| F|  |TS  0|AC  0|TAMS 0x0000000704100000, 0x0000000704100000|
|  42|0x0000000704200000, 0x0000000704200000, 0x0000000704300000|  0%| F|  |TS  0|AC  0|TAMS 0x0000000704200000, 0x0000000704200000|
|  43|0x0000000704300000, 0x0000000704300000, 0x0000000704400000|  0%| F|  |TS  0|AC  0|TAMS 0x0000000704300000, 0x0000000704300000|
|  44|0x0000000704400000, 0x0000000704400000, 0x0000000704500000|  0%| F|  |TS  0|AC  0|TAMS 0x0000000704400000, 0x0000000704400000|
|  45|0x0000000704500000, 0x0000000704500000, 0x0000000704600000|  0%| F|  |TS  0|AC  0|TAMS 0x0000000704500000, 0x0000000704500000|
|  46|0x0000000704600000, 0x0000000704600000, 0x0000000704700000|  0%| F|  |TS  0|AC  0|TAMS 0x0000000704600000, 0x0000000704600000|
|  47|0x0000000704700000, 0x0000000704700000, 0x0000000704800000|  0%| F|  |TS  0|AC  0|TAMS 0x0000000704700000, 0x0000000704700000|
|  48|0x0000000704800000, 0x0000000704800000, 0x0000000704900000|  0%| F|  |TS  0|AC  0|TAMS 0x0000000704800000, 0x0000000704800000|
|  49|0x0000000704900000, 0x0000000704900000, 0x0000000704a00000|  0%| F|  |TS  0|AC  0|TAMS 0x0000000704900000, 0x0000000704900000|
|  50|0x0000000704a00000, 0x0000000704a00000, 0x0000000704b00000|  0%| F|  |TS  0|AC  0|TAMS 0x0000000704a00000, 0x0000000704a00000|
|  51|0x0000000704b00000, 0x0000000704b00000, 0x0000000704c00000|  0%| F|  |TS  0|AC  0|TAMS 0x0000000704b00000, 0x0000000704b00000|
|  52|0x0000000704c00000, 0x0000000704c00000, 0x0000000704d00000|  0%| F|  |TS  0|AC  0|TAMS 0x0000000704c00000, 0x0000000704c00000|
|  53|0x0000000704d00000, 0x0000000704d00000, 0x0000000704e00000|  0%| F|  |TS  0|AC  0|TAMS 0x0000000704d00000, 0x0000000704d00000|
|  54|0x0000000704e00000, 0x0000000704e00000, 0x0000000704f00000|  0%| F|  |TS  0|AC  0|TAMS 0x0000000704e00000, 0x0000000704e00000|
|  55|0x0000000704f00000, 0x0000000704f00000, 0x0000000705000000|  0%| F|  |TS  0|AC  0|TAMS 0x0000000704f00000, 0x0000000704f00000|
|  56|0x0000000705000000, 0x0000000705000000, 0x0000000705100000|  0%| F|  |TS  0|AC  0|TAMS 0x0000000705000000, 0x0000000705000000|
|  57|0x0000000705100000, 0x0000000705100000, 0x0000000705200000|  0%| F|  |TS  0|AC  0|TAMS 0x0000000705100000, 0x0000000705100000|
|  58|0x0000000705200000, 0x0000000705200000, 0x0000000705300000|  0%| F|  |TS  0|AC  0|TAMS 0x0000000705200000, 0x0000000705200000|
|  59|0x0000000705300000, 0x0000000705300000, 0x0000000705400000|  0%| F|  |TS  0|AC  0|TAMS 0x0000000705300000, 0x0000000705300000|
|  60|0x0000000705400000, 0x0000000705400000, 0x0000000705500000|  0%| F|  |TS  0|AC  0|TAMS 0x0000000705400000, 0x0000000705400000|
|  61|0x0000000705500000, 0x0000000705500000, 0x0000000705600000|  0%| F|  |TS  0|AC  0|TAMS 0x0000000705500000, 0x0000000705500000|
|  62|0x0000000705600000, 0x0000000705600000, 0x0000000705700000|  0%| F|  |TS  0|AC  0|TAMS 0x0000000705600000, 0x0000000705600000|
|  63|0x0000000705700000, 0x0000000705700000, 0x0000000705800000|  0%| F|  |TS  0|AC  0|TAMS 0x0000000705700000, 0x0000000705700000|
|  64|0x0000000705800000, 0x0000000705800000, 0x0000000705900000|  0%| F|  |TS  0|AC  0|TAMS 0x0000000705800000, 0x0000000705800000|
|  65|0x0000000705900000, 0x0000000705900000, 0x0000000705a00000|  0%| F|  |TS  0|AC  0|TAMS 0x0000000705900000, 0x0000000705900000|
|  66|0x0000000705a00000, 0x0000000705a00000, 0x0000000705b00000|  0%| F|  |TS  0|AC  0|TAMS 0x0000000705a00000, 0x0000000705a00000|
|  67|0x0000000705b00000, 0x0000000705b00000, 0x0000000705c00000|  0%| F|  |TS  0|AC  0|TAMS 0x0000000705b00000, 0x0000000705b00000|
|  68|0x0000000705c00000, 0x0000000705c00000, 0x0000000705d00000|  0%| F|  |TS  0|AC  0|TAMS 0x0000000705c00000, 0x0000000705c00000|
|  69|0x0000000705d00000, 0x0000000705d00000, 0x0000000705e00000|  0%| F|  |TS  0|AC  0|TAMS 0x0000000705d00000, 0x0000000705d00000|
|  70|0x0000000705e00000, 0x0000000705e00000, 0x0000000705f00000|  0%| F|  |TS  0|AC  0|TAMS 0x0000000705e00000, 0x0000000705e00000|
|  71|0x0000000705f00000, 0x0000000705f00000, 0x0000000706000000|  0%| F|  |TS  0|AC  0|TAMS 0x0000000705f00000, 0x0000000705f00000|
|  72|0x0000000706000000, 0x0000000706000000, 0x0000000706100000|  0%| F|  |TS  0|AC  0|TAMS 0x0000000706000000, 0x0000000706000000|
|  73|0x0000000706100000, 0x0000000706100000, 0x0000000706200000|  0%| F|  |TS  0|AC  0|TAMS 0x0000000706100000, 0x0000000706100000|
|  74|0x0000000706200000, 0x0000000706200000, 0x0000000706300000|  0%| F|  |TS  0|AC  0|TAMS 0x0000000706200000, 0x0000000706200000|
|  75|0x0000000706300000, 0x0000000706300000, 0x0000000706400000|  0%| F|  |TS  0|AC  0|TAMS 0x0000000706300000, 0x0000000706300000|
|  76|0x0000000706400000, 0x0000000706400000, 0x0000000706500000|  0%| F|  |TS  0|AC  0|TAMS 0x0000000706400000, 0x0000000706400000|
|  77|0x0000000706500000, 0x0000000706500000, 0x0000000706600000|  0%| F|  |TS  0|AC  0|TAMS 0x0000000706500000, 0x0000000706500000|
|  78|0x0000000706600000, 0x0000000706600000, 0x0000000706700000|  0%| F|  |TS  0|AC  0|TAMS 0x0000000706600000, 0x0000000706600000|
|  79|0x0000000706700000, 0x0000000706700000, 0x0000000706800000|  0%| F|  |TS  0|AC  0|TAMS 0x0000000706700000, 0x0000000706700000|
|  80|0x0000000706800000, 0x0000000706800000, 0x0000000706900000|  0%| F|  |TS  0|AC  0|TAMS 0x0000000706800000, 0x0000000706800000|
|  81|0x0000000706900000, 0x0000000706900000, 0x0000000706a00000|  0%| F|  |TS  0|AC  0|TAMS 0x0000000706900000, 0x0000000706900000|
|  82|0x0000000706a00000, 0x0000000706a00000, 0x0000000706b00000|  0%| F|  |TS  0|AC  0|TAMS 0x0000000706a00000, 0x0000000706a00000|
|  83|0x0000000706b00000, 0x0000000706b00000, 0x0000000706c00000|  0%| F|  |TS  0|AC  0|TAMS 0x0000000706b00000, 0x0000000706b00000|
|  84|0x0000000706c00000, 0x0000000706c00000, 0x0000000706d00000|  0%| F|  |TS  0|AC  0|TAMS 0x0000000706c00000, 0x0000000706c00000|
|  85|0x0000000706d00000, 0x0000000706d00000, 0x0000000706e00000|  0%| F|  |TS  0|AC  0|TAMS 0x0000000706d00000, 0x0000000706d00000|
|  86|0x0000000706e00000, 0x0000000706e00000, 0x0000000706f00000|  0%| F|  |TS  0|AC  0|TAMS 0x0000000706e00000, 0x0000000706e00000|
|  87|0x0000000706f00000, 0x0000000706f00000, 0x0000000707000000|  0%| F|  |TS  0|AC  0|TAMS 0x0000000706f00000, 0x0000000706f00000|
|  88|0x0000000707000000, 0x0000000707000000, 0x0000000707100000|  0%| F|  |TS  0|AC  0|TAMS 0x0000000707000000, 0x0000000707000000|
|  89|0x0000000707100000, 0x0000000707100000, 0x0000000707200000|  0%| F|  |TS  0|AC  0|TAMS 0x0000000707100000, 0x0000000707100000|
|  90|0x0000000707200000, 0x0000000707200000, 0x0000000707300000|  0%| F|  |TS  0|AC  0|TAMS 0x0000000707200000, 0x0000000707200000|
|  91|0x0000000707300000, 0x0000000707300000, 0x0000000707400000|  0%| F|  |TS  0|AC  0|TAMS 0x0000000707300000, 0x0000000707300000|
|  92|0x0000000707400000, 0x0000000707400000, 0x0000000707500000|  0%| F|  |TS  0|AC  0|TAMS 0x0000000707400000, 0x0000000707400000|
|  93|0x0000000707500000, 0x0000000707500000, 0x0000000707600000|  0%| F|  |TS  0|AC  0|TAMS 0x0000000707500000, 0x0000000707500000|
|  94|0x0000000707600000, 0x0000000707600000, 0x0000000707700000|  0%| F|  |TS  0|AC  0|TAMS 0x0000000707600000, 0x0000000707600000|
|  95|0x0000000707700000, 0x0000000707700000, 0x0000000707800000|  0%| F|  |TS  0|AC  0|TAMS 0x0000000707700000, 0x0000000707700000|
|  96|0x0000000707800000, 0x0000000707800000, 0x0000000707900000|  0%| F|  |TS  0|AC  0|TAMS 0x0000000707800000, 0x0000000707800000|
|  97|0x0000000707900000, 0x0000000707900000, 0x0000000707a00000|  0%| F|  |TS  0|AC  0|TAMS 0x0000000707900000, 0x0000000707900000|
|  98|0x0000000707a00000, 0x0000000707a00000, 0x0000000707b00000|  0%| F|  |TS  0|AC  0|TAMS 0x0000000707a00000, 0x0000000707a00000|
|  99|0x0000000707b00000, 0x0000000707b00000, 0x0000000707c00000|  0%| F|  |TS  0|AC  0|TAMS 0x0000000707b00000, 0x0000000707b00000|
| 100|0x0000000707c00000, 0x0000000707c00000, 0x0000000707d00000|  0%| F|  |TS  0|AC  0|TAMS 0x0000000707c00000, 0x0000000707c00000|
| 101|0x0000000707d00000, 0x0000000707d00000, 0x0000000707e00000|  0%| F|  |TS  0|AC  0|TAMS 0x0000000707d00000, 0x0000000707d00000|
| 102|0x0000000707e00000, 0x0000000707e00000, 0x0000000707f00000|  0%| F|  |TS  0|AC  0|TAMS 0x0000000707e00000, 0x0000000707e00000|
| 103|0x0000000707f00000, 0x0000000707f00000, 0x0000000708000000|  0%| F|  |TS  0|AC  0|TAMS 0x0000000707f00000, 0x0000000707f00000|
| 104|0x0000000708000000, 0x0000000708000000, 0x0000000708100000|  0%| F|  |TS  0|AC  0|TAMS 0x0000000708000000, 0x0000000708000000|
| 105|0x0000000708100000, 0x0000000708100000, 0x0000000708200000|  0%| F|  |TS  0|AC  0|TAMS 0x0000000708100000, 0x0000000708100000|
| 106|0x0000000708200000, 0x0000000708200000, 0x0000000708300000|  0%| F|  |TS  0|AC  0|TAMS 0x0000000708200000, 0x0000000708200000|
| 107|0x0000000708300000, 0x0000000708300000, 0x0000000708400000|  0%| F|  |TS  0|AC  0|TAMS 0x0000000708300000, 0x0000000708300000|
| 108|0x0000000708400000, 0x0000000708400000, 0x0000000708500000|  0%| F|  |TS  0|AC  0|TAMS 0x0000000708400000, 0x0000000708400000|
| 109|0x0000000708500000, 0x0000000708500000, 0x0000000708600000|  0%| F|  |TS  0|AC  0|TAMS 0x0000000708500000, 0x0000000708500000|
| 110|0x0000000708600000, 0x0000000708600000, 0x0000000708700000|  0%| F|  |TS  0|AC  0|TAMS 0x0000000708600000, 0x0000000708600000|
| 111|0x0000000708700000, 0x0000000708700000, 0x0000000708800000|  0%| F|  |TS  0|AC  0|TAMS 0x0000000708700000, 0x0000000708700000|
| 112|0x0000000708800000, 0x0000000708800000, 0x0000000708900000|  0%| F|  |TS  0|AC  0|TAMS 0x0000000708800000, 0x0000000708800000|
| 113|0x0000000708900000, 0x0000000708900000, 0x0000000708a00000|  0%| F|  |TS  0|AC  0|TAMS 0x0000000708900000, 0x0000000708900000|
| 114|0x0000000708a00000, 0x0000000708a00000, 0x0000000708b00000|  0%| F|  |TS  0|AC  0|TAMS 0x0000000708a00000, 0x0000000708a00000|
| 115|0x0000000708b00000, 0x0000000708b00000, 0x0000000708c00000|  0%| F|  |TS  0|AC  0|TAMS 0x0000000708b00000, 0x0000000708b00000|
| 116|0x0000000708c00000, 0x0000000708c00000, 0x0000000708d00000|  0%| F|  |TS  0|AC  0|TAMS 0x0000000708c00000, 0x0000000708c00000|
| 117|0x0000000708d00000, 0x0000000708d00000, 0x0000000708e00000|  0%| F|  |TS  0|AC  0|TAMS 0x0000000708d00000, 0x0000000708d00000|
| 118|0x0000000708e00000, 0x0000000708e00000, 0x0000000708f00000|  0%| F|  |TS  0|AC  0|TAMS 0x0000000708e00000, 0x0000000708e00000|
| 119|0x0000000708f00000, 0x0000000708f00000, 0x0000000709000000|  0%| F|  |TS  0|AC  0|TAMS 0x0000000708f00000, 0x0000000708f00000|
| 120|0x0000000709000000, 0x0000000709000000, 0x0000000709100000|  0%| F|  |TS  0|AC  0|TAMS 0x0000000709000000, 0x0000000709000000|
| 121|0x0000000709100000, 0x0000000709100000, 0x0000000709200000|  0%| F|  |TS  0|AC  0|TAMS 0x0000000709100000, 0x0000000709100000|
| 122|0x0000000709200000, 0x0000000709200000, 0x0000000709300000|  0%| F|  |TS  0|AC  0|TAMS 0x0000000709200000, 0x0000000709200000|
| 123|0x0000000709300000, 0x0000000709300000, 0x0000000709400000|  0%| F|  |TS  0|AC  0|TAMS 0x0000000709300000, 0x0000000709300000|
| 124|0x0000000709400000, 0x0000000709400000, 0x0000000709500000|  0%| F|  |TS  0|AC  0|TAMS 0x0000000709400000, 0x0000000709400000|
| 125|0x0000000709500000, 0x0000000709500000, 0x0000000709600000|  0%| F|  |TS  0|AC  0|TAMS 0x0000000709500000, 0x0000000709500000|
| 126|0x0000000709600000, 0x0000000709600000, 0x0000000709700000|  0%| F|  |TS  0|AC  0|TAMS 0x0000000709600000, 0x0000000709600000|
| 127|0x0000000709700000, 0x0000000709700000, 0x0000000709800000|  0%| F|  |TS  0|AC  0|TAMS 0x0000000709700000, 0x0000000709700000|
| 128|0x0000000709800000, 0x0000000709800000, 0x0000000709900000|  0%| F|  |TS  0|AC  0|TAMS 0x0000000709800000, 0x0000000709800000|
| 129|0x0000000709900000, 0x0000000709900000, 0x0000000709a00000|  0%| F|  |TS  0|AC  0|TAMS 0x0000000709900000, 0x0000000709900000|
| 130|0x0000000709a00000, 0x0000000709a00000, 0x0000000709b00000|  0%| F|  |TS  0|AC  0|TAMS 0x0000000709a00000, 0x0000000709a00000|
| 131|0x0000000709b00000, 0x0000000709b00000, 0x0000000709c00000|  0%| F|  |TS  0|AC  0|TAMS 0x0000000709b00000, 0x0000000709b00000|
| 132|0x0000000709c00000, 0x0000000709c00000, 0x0000000709d00000|  0%| F|  |TS  0|AC  0|TAMS 0x0000000709c00000, 0x0000000709c00000|
| 133|0x0000000709d00000, 0x0000000709d00000, 0x0000000709e00000|  0%| F|  |TS  0|AC  0|TAMS 0x0000000709d00000, 0x0000000709d00000|
| 134|0x0000000709e00000, 0x0000000709e00000, 0x0000000709f00000|  0%| F|  |TS  0|AC  0|TAMS 0x0000000709e00000, 0x0000000709e00000|
| 135|0x0000000709f00000, 0x0000000709f00000, 0x000000070a000000|  0%| F|  |TS  0|AC  0|TAMS 0x0000000709f00000, 0x0000000709f00000|
| 136|0x000000070a000000, 0x000000070a000000, 0x000000070a100000|  0%| F|  |TS  0|AC  0|TAMS 0x000000070a000000, 0x000000070a000000|
| 137|0x000000070a100000, 0x000000070a100000, 0x000000070a200000|  0%| F|  |TS  0|AC  0|TAMS 0x000000070a100000, 0x000000070a100000|
| 138|0x000000070a200000, 0x000000070a200000, 0x000000070a300000|  0%| F|  |TS  0|AC  0|TAMS 0x000000070a200000, 0x000000070a200000|
| 139|0x000000070a300000, 0x000000070a300000, 0x000000070a400000|  0%| F|  |TS  0|AC  0|TAMS 0x000000070a300000, 0x000000070a300000|
| 140|0x000000070a400000, 0x000000070a400000, 0x000000070a500000|  0%| F|  |TS  0|AC  0|TAMS 0x000000070a400000, 0x000000070a400000|
| 141|0x000000070a500000, 0x000000070a500000, 0x000000070a600000|  0%| F|  |TS  0|AC  0|TAMS 0x000000070a500000, 0x000000070a500000|
| 142|0x000000070a600000, 0x000000070a600000, 0x000000070a700000|  0%| F|  |TS  0|AC  0|TAMS 0x000000070a600000, 0x000000070a600000|
| 143|0x000000070a700000, 0x000000070a700000, 0x000000070a800000|  0%| F|  |TS  0|AC  0|TAMS 0x000000070a700000, 0x000000070a700000|
| 144|0x000000070a800000, 0x000000070a800000, 0x000000070a900000|  0%| F|  |TS  0|AC  0|TAMS 0x000000070a800000, 0x000000070a800000|
| 145|0x000000070a900000, 0x000000070a900000, 0x000000070aa00000|  0%| F|  |TS  0|AC  0|TAMS 0x000000070a900000, 0x000000070a900000|
| 146|0x000000070aa00000, 0x000000070aa00000, 0x000000070ab00000|  0%| F|  |TS  0|AC  0|TAMS 0x000000070aa00000, 0x000000070aa00000|
| 147|0x000000070ab00000, 0x000000070ab00000, 0x000000070ac00000|  0%| F|  |TS  0|AC  0|TAMS 0x000000070ab00000, 0x000000070ab00000|
| 148|0x000000070ac00000, 0x000000070ac00000, 0x000000070ad00000|  0%| F|  |TS  0|AC  0|TAMS 0x000000070ac00000, 0x000000070ac00000|
| 149|0x000000070ad00000, 0x000000070ad00000, 0x000000070ae00000|  0%| F|  |TS  0|AC  0|TAMS 0x000000070ad00000, 0x000000070ad00000|
| 150|0x000000070ae00000, 0x000000070ae00000, 0x000000070af00000|  0%| F|  |TS  0|AC  0|TAMS 0x000000070ae00000, 0x000000070ae00000|
| 151|0x000000070af00000, 0x000000070af00000, 0x000000070b000000|  0%| F|  |TS  0|AC  0|TAMS 0x000000070af00000, 0x000000070af00000|
| 152|0x000000070b000000, 0x000000070b000000, 0x000000070b100000|  0%| F|  |TS  0|AC  0|TAMS 0x000000070b000000, 0x000000070b000000|
| 153|0x000000070b100000, 0x000000070b100000, 0x000000070b200000|  0%| F|  |TS  0|AC  0|TAMS 0x000000070b100000, 0x000000070b100000|
| 154|0x000000070b200000, 0x000000070b200000, 0x000000070b300000|  0%| F|  |TS  0|AC  0|TAMS 0x000000070b200000, 0x000000070b200000|
| 155|0x000000070b300000, 0x000000070b300000, 0x000000070b400000|  0%| F|  |TS  0|AC  0|TAMS 0x000000070b300000, 0x000000070b300000|
| 156|0x000000070b400000, 0x000000070b400000, 0x000000070b500000|  0%| F|  |TS  0|AC  0|TAMS 0x000000070b400000, 0x000000070b400000|
| 157|0x000000070b500000, 0x000000070b500000, 0x000000070b600000|  0%| F|  |TS  0|AC  0|TAMS 0x000000070b500000, 0x000000070b500000|
| 158|0x000000070b600000, 0x000000070b600000, 0x000000070b700000|  0%| F|  |TS  0|AC  0|TAMS 0x000000070b600000, 0x000000070b600000|
| 159|0x000000070b700000, 0x000000070b700000, 0x000000070b800000|  0%| F|  |TS  0|AC  0|TAMS 0x000000070b700000, 0x000000070b700000|
| 160|0x000000070b800000, 0x000000070b800000, 0x000000070b900000|  0%| F|  |TS  0|AC  0|TAMS 0x000000070b800000, 0x000000070b800000|
| 161|0x000000070b900000, 0x000000070b900000, 0x000000070ba00000|  0%| F|  |TS  0|AC  0|TAMS 0x000000070b900000, 0x000000070b900000|
| 162|0x000000070ba00000, 0x000000070ba00000, 0x000000070bb00000|  0%| F|  |TS  0|AC  0|TAMS 0x000000070ba00000, 0x000000070ba00000|
| 163|0x000000070bb00000, 0x000000070bb00000, 0x000000070bc00000|  0%| F|  |TS  0|AC  0|TAMS 0x000000070bb00000, 0x000000070bb00000|
| 164|0x000000070bc00000, 0x000000070bc00000, 0x000000070bd00000|  0%| F|  |TS  0|AC  0|TAMS 0x000000070bc00000, 0x000000070bc00000|
| 165|0x000000070bd00000, 0x000000070bd00000, 0x000000070be00000|  0%| F|  |TS  0|AC  0|TAMS 0x000000070bd00000, 0x000000070bd00000|
| 166|0x000000070be00000, 0x000000070be00000, 0x000000070bf00000|  0%| F|  |TS  0|AC  0|TAMS 0x000000070be00000, 0x000000070be00000|
| 167|0x000000070bf00000, 0x000000070bf00000, 0x000000070c000000|  0%| F|  |TS  0|AC  0|TAMS 0x000000070bf00000, 0x000000070bf00000|
| 168|0x000000070c000000, 0x000000070c000000, 0x000000070c100000|  0%| F|  |TS  0|AC  0|TAMS 0x000000070c000000, 0x000000070c000000|
| 169|0x000000070c100000, 0x000000070c100000, 0x000000070c200000|  0%| F|  |TS  0|AC  0|TAMS 0x000000070c100000, 0x000000070c100000|
| 170|0x000000070c200000, 0x000000070c200000, 0x000000070c300000|  0%| F|  |TS  0|AC  0|TAMS 0x000000070c200000, 0x000000070c200000|
| 171|0x000000070c300000, 0x000000070c39a360, 0x000000070c400000| 60%| S|CS|TS  0|AC  0|TAMS 0x000000070c300000, 0x000000070c300000|
| 172|0x000000070c400000, 0x000000070c500000, 0x000000070c500000|100%| S|CS|TS  0|AC  0|TAMS 0x000000070c400000, 0x000000070c400000|
| 173|0x000000070c500000, 0x000000070c600000, 0x000000070c600000|100%| S|CS|TS  0|AC  0|TAMS 0x000000070c500000, 0x000000070c500000|
| 174|0x000000070c600000, 0x000000070c700000, 0x000000070c700000|100%| S|CS|TS  0|AC  0|TAMS 0x000000070c600000, 0x000000070c600000|
| 175|0x000000070c700000, 0x000000070c800000, 0x000000070c800000|100%| S|CS|TS  0|AC  0|TAMS 0x000000070c700000, 0x000000070c700000|
| 176|0x000000070c800000, 0x000000070c800000, 0x000000070c900000|  0%| F|  |TS  0|AC  0|TAMS 0x000000070c800000, 0x000000070c800000|
| 177|0x000000070c900000, 0x000000070c900000, 0x000000070ca00000|  0%| F|  |TS  0|AC  0|TAMS 0x000000070c900000, 0x000000070c900000|
| 178|0x000000070ca00000, 0x000000070ca00000, 0x000000070cb00000|  0%| F|  |TS  0|AC  0|TAMS 0x000000070ca00000, 0x000000070ca00000|
| 179|0x000000070cb00000, 0x000000070cb00000, 0x000000070cc00000|  0%| F|  |TS  0|AC  0|TAMS 0x000000070cb00000, 0x000000070cb00000|
| 180|0x000000070cc00000, 0x000000070cc00000, 0x000000070cd00000|  0%| F|  |TS  0|AC  0|TAMS 0x000000070cc00000, 0x000000070cc00000|
| 181|0x000000070cd00000, 0x000000070cd00000, 0x000000070ce00000|  0%| F|  |TS  0|AC  0|TAMS 0x000000070cd00000, 0x000000070cd00000|
| 182|0x000000070ce00000, 0x000000070ce00000, 0x000000070cf00000|  0%| F|  |TS  0|AC  0|TAMS 0x000000070ce00000, 0x000000070ce00000|
| 183|0x000000070cf00000, 0x000000070cf00000, 0x000000070d000000|  0%| F|  |TS  0|AC  0|TAMS 0x000000070cf00000, 0x000000070cf00000|
| 184|0x000000070d000000, 0x000000070d000000, 0x000000070d100000|  0%| F|  |TS  0|AC  0|TAMS 0x000000070d000000, 0x000000070d000000|
| 185|0x000000070d100000, 0x000000070d100000, 0x000000070d200000|  0%| F|  |TS  0|AC  0|TAMS 0x000000070d100000, 0x000000070d100000|
| 186|0x000000070d200000, 0x000000070d200000, 0x000000070d300000|  0%| F|  |TS  0|AC  0|TAMS 0x000000070d200000, 0x000000070d200000|
| 187|0x000000070d300000, 0x000000070d300000, 0x000000070d400000|  0%| F|  |TS  0|AC  0|TAMS 0x000000070d300000, 0x000000070d300000|
| 188|0x000000070d400000, 0x000000070d400000, 0x000000070d500000|  0%| F|  |TS  0|AC  0|TAMS 0x000000070d400000, 0x000000070d400000|
| 189|0x000000070d500000, 0x000000070d5be388, 0x000000070d600000| 74%| E|  |TS  0|AC  0|TAMS 0x000000070d500000, 0x000000070d500000|
| 190|0x000000070d600000, 0x000000070d700000, 0x000000070d700000|100%| E|CS|TS  0|AC  0|TAMS 0x000000070d600000, 0x000000070d600000|
| 191|0x000000070d700000, 0x000000070d800000, 0x000000070d800000|100%| E|CS|TS  0|AC  0|TAMS 0x000000070d700000, 0x000000070d700000|

Card table byte_map: [0x0000019e3db20000,0x0000019e3e120000] byte_map_base: 0x0000019e3a314000

Marking Bits (Prev, Next): (CMBitMap*) 0x0000019e26b14f28, (CMBitMap*) 0x0000019e26b14ef0
 Prev Bits: [0x0000019e416c0000, 0x0000019e44660000)
 Next Bits: [0x0000019e3e720000, 0x0000019e416c0000)

Polling page: 0x0000019e24770000

CodeHeap 'non-profiled nmethods': size=120000Kb used=640Kb max_used=640Kb free=119359Kb
 bounds [0x0000019e35cc0000, 0x0000019e35f30000, 0x0000019e3d1f0000]
CodeHeap 'profiled nmethods': size=120000Kb used=3348Kb max_used=3348Kb free=116652Kb
 bounds [0x0000019e2e790000, 0x0000019e2eae0000, 0x0000019e35cc0000]
CodeHeap 'non-nmethods': size=5760Kb used=1214Kb max_used=1245Kb free=4545Kb
 bounds [0x0000019e2e1f0000, 0x0000019e2e460000, 0x0000019e2e790000]
 total_blobs=2539 nmethods=1711 adapters=380
 compilation: enabled

Compilation events (10 events):
Event: 13.749 Thread 0x0000019e4796d800 1707       1       sun.reflect.generics.tree.SimpleClassTypeSignature::getDollar (5 bytes)
Event: 13.749 Thread 0x0000019e4796d800 nmethod 1707 0x0000019e35d5f990 code [0x0000019e35d5fb40, 0x0000019e35d5fc58]
Event: 13.750 Thread 0x0000019e4796d800 1708       1       org.testng.shaded.com.google.gson.reflect.TypeToken::hashCode (5 bytes)
Event: 13.750 Thread 0x0000019e4796d800 nmethod 1708 0x0000019e35d5fd10 code [0x0000019e35d5fec0, 0x0000019e35d5ffd8]
Event: 13.750 Thread 0x0000019e4796d800 1709       3       java.io.BufferedWriter::ensureOpen (18 bytes)
Event: 13.750 Thread 0x0000019e4796d800 nmethod 1709 0x0000019e2ead0e90 code [0x0000019e2ead1060, 0x0000019e2ead12d0]
Event: 61.475 Thread 0x0000019e4796d800 1710   !   3       java.util.concurrent.ConcurrentHashMap::replaceNode (438 bytes)
Event: 61.478 Thread 0x0000019e4796d800 nmethod 1710 0x0000019e2ead1390 code [0x0000019e2ead1760, 0x0000019e2ead3ba0]
Event: 61.478 Thread 0x0000019e4796d800 1711       3       java.util.concurrent.ConcurrentHashMap::remove (8 bytes)
Event: 61.478 Thread 0x0000019e4796d800 nmethod 1711 0x0000019e2ead4b90 code [0x0000019e2ead4d60, 0x0000019e2ead4f10]

GC Heap History (4 events):
Event: 0.864 GC heap before
{Heap before GC invocations=0 (full 0):
 garbage-first heap   total 196608K, used 25600K [0x0000000701800000, 0x00000007c0000000)
  region size 1024K, 24 young (24576K), 0 survivors (0K)
 Metaspace       used 14765K, capacity 15056K, committed 15360K, reserved 1062912K
  class space    used 1568K, capacity 1679K, committed 1792K, reserved 1048576K
}
Event: 0.868 GC heap after
{Heap after GC invocations=1 (full 0):
 garbage-first heap   total 196608K, used 6424K [0x0000000701800000, 0x00000007c0000000)
  region size 1024K, 3 young (3072K), 3 survivors (3072K)
 Metaspace       used 14765K, capacity 15056K, committed 15360K, reserved 1062912K
  class space    used 1568K, capacity 1679K, committed 1792K, reserved 1048576K
}
Event: 3.139 GC heap before
{Heap before GC invocations=1 (full 0):
 garbage-first heap   total 196608K, used 21784K [0x0000000701800000, 0x00000007c0000000)
  region size 1024K, 19 young (19456K), 3 survivors (3072K)
 Metaspace       used 20546K, capacity 20962K, committed 21248K, reserved 1069056K
  class space    used 2294K, capacity 2492K, committed 2560K, reserved 1048576K
}
Event: 3.144 GC heap after
{Heap after GC invocations=2 (full 0):
 garbage-first heap   total 196608K, used 8065K [0x0000000701800000, 0x00000007c0000000)
  region size 1024K, 5 young (5120K), 5 survivors (5120K)
 Metaspace       used 20546K, capacity 20962K, committed 21248K, reserved 1069056K
  class space    used 2294K, capacity 2492K, committed 2560K, reserved 1048576K
}

Deoptimization events (9 events):
Event: 0.213 Thread 0x0000019e26a43000 Uncommon trap: reason=unstable_if action=reinterpret pc=0x0000019e35cc4414 method=java.lang.String.hashCode()I @ 14 c2
Event: 0.470 Thread 0x0000019e26a43000 Uncommon trap: reason=unstable_if action=reinterpret pc=0x0000019e35cdf4a4 method=java.lang.String.startsWith(Ljava/lang/String;I)Z @ 1 c2
Event: 0.807 Thread 0x0000019e26a43000 Uncommon trap: reason=unstable_if action=reinterpret pc=0x0000019e35d0ae04 method=java.util.HashMap.putVal(ILjava/lang/Object;Ljava/lang/Object;ZZ)Ljava/lang/Object; @ 162 c2
Event: 0.917 Thread 0x0000019e26a43000 Uncommon trap: reason=unstable_if action=reinterpret pc=0x0000019e35d31d60 method=java.io.ByteArrayInputStream.read([BII)I @ 63 c2
Event: 0.919 Thread 0x0000019e26a43000 Uncommon trap: reason=unstable_if action=reinterpret pc=0x0000019e35d05e40 method=java.lang.StringUTF16.compress([CI[BII)I @ 20 c2
Event: 0.958 Thread 0x0000019e49204800 Uncommon trap: reason=unstable_if action=reinterpret pc=0x0000019e35d22438 method=java.lang.CharacterDataLatin1.digit(II)I @ 82 c2
Event: 1.469 Thread 0x0000019e49204800 Uncommon trap: reason=unstable_if action=reinterpret pc=0x0000019e35d2290c method=java.lang.CharacterDataLatin1.digit(II)I @ 82 c2
Event: 1.564 Thread 0x0000019e26a43000 Uncommon trap: reason=unstable_if action=reinterpret pc=0x0000019e35d44fc4 method=java.util.regex.Pattern$BmpCharProperty.match(Ljava/util/regex/Matcher;ILjava/lang/CharSequence;)Z @ 5 c2
Event: 3.105 Thread 0x0000019e26a43000 Uncommon trap: reason=unstable_if action=reinterpret pc=0x0000019e35d3fde8 method=java.util.concurrent.ConcurrentHashMap.putVal(Ljava/lang/Object;Ljava/lang/Object;Z)Ljava/lang/Object; @ 256 c2

Classes redefined (5 events):
Event: 118.159 Thread 0x0000019e47915800 redefined class name=Socks.ProductCatalogPage, count=1
Event: 439.840 Thread 0x0000019e47915800 redefined class name=Socks.ProductCatalogPage, count=2
Event: 588.614 Thread 0x0000019e47915800 redefined class name=Socks.ProductCatalogPage, count=3
Event: 1021.919 Thread 0x0000019e47915800 redefined class name=Socks.ProductCatalogPage, count=4
Event: 1190.180 Thread 0x0000019e47915800 redefined class name=Socks.ProductCatalogPage, count=5

Internal exceptions (10 events):
Event: 1.552 Thread 0x0000019e26a43000 Exception <a 'java/lang/NoSuchMethodError'{0x000000070ce46338}: java.lang.invoke.DirectMethodHandle$Holder.invokeSpecial(Ljava/lang/Object;Ljava/lang/Object;Ljava/lang/Object;Ljava/lang/Object;Ljava/lang/Object;Ljava/lang/Object;Ljava/lang/Object;Ljava/la
Event: 1.553 Thread 0x0000019e26a43000 Exception <a 'java/lang/NoSuchMethodError'{0x000000070ce4ace0}: java.lang.invoke.Invokers$Holder.invoke_MT(Ljava/lang/Object;Ljava/lang/Object;Ljava/lang/Object;Ljava/lang/Object;Ljava/lang/Object;Ljava/lang/Object;Ljava/lang/Object;Ljava/lang/Object;Ljav
Event: 1.556 Thread 0x0000019e26a43000 Exception <a 'java/lang/NoSuchMethodError'{0x000000070ce64390}: method resolution failed> (0x000000070ce64390) thrown at [t:/workspace/open/src/hotspot/share/prims/methodHandles.cpp, line 1226]
Event: 1.562 Thread 0x0000019e26a43000 Exception <a 'java/lang/NoSuchMethodError'{0x000000070ce83e58}: method resolution failed> (0x000000070ce83e58) thrown at [t:/workspace/open/src/hotspot/share/prims/methodHandles.cpp, line 1226]
Event: 1.614 Thread 0x0000019e26a43000 Exception <a 'java/lang/NoSuchMethodError'{0x000000070cbd00b0}: method resolution failed> (0x000000070cbd00b0) thrown at [t:/workspace/open/src/hotspot/share/prims/methodHandles.cpp, line 1226]
Event: 1.615 Thread 0x0000019e26a43000 Exception <a 'java/lang/NoSuchMethodError'{0x000000070cbdd4d0}: java.lang.invoke.DirectMethodHandle$Holder.invokeStatic(Ljava/lang/Object;Ljava/lang/Object;Ljava/lang/Object;Ljava/lang/Object;)V> (0x000000070cbdd4d0) thrown at [t:/workspace/open/src/hotsp
Event: 3.124 Thread 0x0000019e26a43000 Exception <a 'java/lang/ClassNotFoundException'{0x000000070c857690}: sun/util/logging/resources/spi/loggingProvider> (0x000000070c857690) thrown at [t:/workspace/open/src/hotspot/share/classfile/systemDictionary.cpp, line 233]
Event: 3.154 Thread 0x0000019e26a43000 Exception <a 'java/net/SocketTimeoutException'{0x000000070d7151a0}: Read timed out> (0x000000070d7151a0) thrown at [t:/workspace/open/src/hotspot/share/prims/jni.cpp, line 632]
Event: 12.609 Thread 0x0000019e26a43000 Exception <a 'java/net/SocketTimeoutException'{0x000000070d7344d0}: Read timed out> (0x000000070d7344d0) thrown at [t:/workspace/open/src/hotspot/share/prims/jni.cpp, line 632]
Event: 13.734 Thread 0x0000019e26a43000 Exception <a 'java/net/SocketTimeoutException'{0x000000070d742ee8}: Read timed out> (0x000000070d742ee8) thrown at [t:/workspace/open/src/hotspot/share/prims/jni.cpp, line 632]

Events (10 events):
Event: 1190.204 Executing VM operation: GetFrameLocation done
Event: 1190.322 Executing VM operation: GetFrameCount
Event: 1190.322 Executing VM operation: GetFrameCount done
Event: 1190.322 Executing VM operation: GetOwnedMonitorInfo
Event: 1190.322 Executing VM operation: GetOwnedMonitorInfo done
Event: 1190.323 Executing VM operation: GetCurrentContendedMonitor
Event: 1190.323 Executing VM operation: GetCurrentContendedMonitor done
Event: 1190.328 Executing VM operation: GetFrameLocation
Event: 1190.328 Executing VM operation: GetFrameLocation done
Event: 1190.328 Executing VM operation: GetOrSetLocal


Dynamic libraries:
0x00007ff794e90000 - 0x00007ff794ece000 	C:\Program Files\Java\jre-10.0.1\bin\javaw.exe
0x00007ffd58f60000 - 0x00007ffd59141000 	C:\WINDOWS\SYSTEM32\ntdll.dll
0x00007ffd58220000 - 0x00007ffd582d2000 	C:\WINDOWS\System32\KERNEL32.DLL
0x00007ffd55330000 - 0x00007ffd555a3000 	C:\WINDOWS\System32\KERNELBASE.dll
0x00007ffd58890000 - 0x00007ffd58931000 	C:\WINDOWS\System32\ADVAPI32.dll
0x00007ffd563f0000 - 0x00007ffd5648e000 	C:\WINDOWS\System32\msvcrt.dll
0x00007ffd582e0000 - 0x00007ffd5833b000 	C:\WINDOWS\System32\sechost.dll
0x00007ffd58d00000 - 0x00007ffd58e24000 	C:\WINDOWS\System32\RPCRT4.dll
0x00007ffd58b70000 - 0x00007ffd58d00000 	C:\WINDOWS\System32\USER32.dll
0x00007ffd55a40000 - 0x00007ffd55a60000 	C:\WINDOWS\System32\win32u.dll
0x00007ffd58f00000 - 0x00007ffd58f28000 	C:\WINDOWS\System32\GDI32.dll
0x00007ffd55a60000 - 0x00007ffd55bf2000 	C:\WINDOWS\System32\gdi32full.dll
0x00007ffd558a0000 - 0x00007ffd5593f000 	C:\WINDOWS\System32\msvcp_win.dll
0x00007ffd55940000 - 0x00007ffd55a3a000 	C:\WINDOWS\System32\ucrtbase.dll
0x00007ffd4eac0000 - 0x00007ffd4eaca000 	C:\WINDOWS\SYSTEM32\VERSION.dll
0x00007ffd48020000 - 0x00007ffd48289000 	C:\WINDOWS\WinSxS\amd64_microsoft.windows.common-controls_6595b64144ccf1df_6.0.17134.48_none_b4b2216a3cb4dd3e\COMCTL32.dll
0x00007ffd57e90000 - 0x00007ffd581b3000 	C:\WINDOWS\System32\combase.dll
0x00007ffd55c60000 - 0x00007ffd55cda000 	C:\WINDOWS\System32\bcryptPrimitives.dll
0x00007ffd58940000 - 0x00007ffd5896d000 	C:\WINDOWS\System32\IMM32.DLL
0x00007ffd23b80000 - 0x00007ffd23c6f000 	C:\Program Files\Java\jre-10.0.1\bin\msvcr120.dll
0x00007ffd21a40000 - 0x00007ffd21ae6000 	C:\Program Files\Java\jre-10.0.1\bin\msvcp120.dll
0x000000005baf0000 - 0x000000005c560000 	C:\Program Files\Java\jre-10.0.1\bin\server\jvm.dll
0x00007ffd58970000 - 0x00007ffd58978000 	C:\WINDOWS\System32\PSAPI.DLL
0x00007ffd46200000 - 0x00007ffd46209000 	C:\WINDOWS\SYSTEM32\WSOCK32.dll
0x00007ffd46fa0000 - 0x00007ffd46fc3000 	C:\WINDOWS\SYSTEM32\WINMM.dll
0x00007ffd583f0000 - 0x00007ffd5845c000 	C:\WINDOWS\System32\WS2_32.dll
0x00007ffd46e30000 - 0x00007ffd46e5a000 	C:\WINDOWS\SYSTEM32\WINMMBASE.dll
0x00007ffd555b0000 - 0x00007ffd555f9000 	C:\WINDOWS\System32\cfgmgr32.dll
0x00007ffd53090000 - 0x00007ffd5309f000 	C:\Program Files\Java\jre-10.0.1\bin\verify.dll
0x00007ffd53cb0000 - 0x00007ffd53e79000 	C:\WINDOWS\SYSTEM32\DBGHELP.DLL
0x00007ffd4f620000 - 0x00007ffd4f649000 	C:\WINDOWS\SYSTEM32\dbgcore.DLL
0x00007ffd4e310000 - 0x00007ffd4e337000 	C:\Program Files\Java\jre-10.0.1\bin\java.dll
0x00007ffd39a50000 - 0x00007ffd39a86000 	C:\Program Files\Java\jre-10.0.1\bin\jdwp.dll
0x00007ffd4e8d0000 - 0x00007ffd4e8e6000 	C:\Program Files\Java\jre-10.0.1\bin\zip.dll
0x00007ffd4f3b0000 - 0x00007ffd4f3ba000 	C:\Program Files\Java\jre-10.0.1\bin\jimage.dll
0x00007ffd568f0000 - 0x00007ffd57d30000 	C:\WINDOWS\System32\SHELL32.dll
0x00007ffd58340000 - 0x00007ffd583e9000 	C:\WINDOWS\System32\shcore.dll
0x00007ffd55ce0000 - 0x00007ffd563ed000 	C:\WINDOWS\System32\windows.storage.dll
0x00007ffd58600000 - 0x00007ffd58651000 	C:\WINDOWS\System32\shlwapi.dll
0x00007ffd552f0000 - 0x00007ffd55301000 	C:\WINDOWS\System32\kernel.appcore.dll
0x00007ffd55270000 - 0x00007ffd5528f000 	C:\WINDOWS\System32\profapi.dll
0x00007ffd552a0000 - 0x00007ffd552ec000 	C:\WINDOWS\System32\powrprof.dll
0x00007ffd55290000 - 0x00007ffd5529a000 	C:\WINDOWS\System32\FLTLIB.DLL
0x00007ffd4f1f0000 - 0x00007ffd4f1fa000 	C:\Program Files\Java\jre-10.0.1\bin\dt_socket.dll
0x00007ffd54a90000 - 0x00007ffd54af6000 	C:\WINDOWS\System32\mswsock.dll
0x00007ffd54850000 - 0x00007ffd5490e000 	C:\WINDOWS\SYSTEM32\DNSAPI.dll
0x00007ffd568e0000 - 0x00007ffd568e8000 	C:\WINDOWS\System32\NSI.dll
0x00007ffd54810000 - 0x00007ffd54848000 	C:\WINDOWS\SYSTEM32\IPHLPAPI.DLL
0x00007ffd48560000 - 0x00007ffd485d2000 	C:\WINDOWS\System32\fwpuclnt.dll
0x00007ffd54d70000 - 0x00007ffd54d95000 	C:\WINDOWS\SYSTEM32\bcrypt.dll
0x00007ffd48390000 - 0x00007ffd4839a000 	C:\Windows\System32\rasadhlp.dll
0x00007ffd4e890000 - 0x00007ffd4e8aa000 	C:\Program Files\Java\jre-10.0.1\bin\net.dll
0x00007ffd4e9e0000 - 0x00007ffd4eabd000 	C:\WINDOWS\SYSTEM32\WINHTTP.dll
0x00007ffd4e260000 - 0x00007ffd4e271000 	C:\Program Files\Java\jre-10.0.1\bin\nio.dll
0x00007ffd54c40000 - 0x00007ffd54c57000 	C:\WINDOWS\SYSTEM32\CRYPTSP.dll
0x00007ffd54670000 - 0x00007ffd546a3000 	C:\WINDOWS\system32\rsaenh.dll
0x00007ffd55170000 - 0x00007ffd55198000 	C:\WINDOWS\SYSTEM32\USERENV.dll
0x00007ffd54c60000 - 0x00007ffd54c6b000 	C:\WINDOWS\SYSTEM32\CRYPTBASE.dll
0x00007ffd4b1c0000 - 0x00007ffd4b1d6000 	C:\WINDOWS\SYSTEM32\dhcpcsvc6.DLL
0x00007ffd4b7f0000 - 0x00007ffd4b80a000 	C:\WINDOWS\SYSTEM32\dhcpcsvc.DLL
0x00007ffd4d6d0000 - 0x00007ffd4d6f3000 	C:\Program Files\Java\jre-10.0.1\bin\sunec.dll

dbghelp: loaded successfully - version: 4.0.5 - missing functions: none
symbol engine: initialized successfully - sym options: 0x614 - pdb path: .;C:\Program Files\Java\jre-10.0.1\bin;C:\WINDOWS\SYSTEM32;C:\WINDOWS\WinSxS\amd64_microsoft.windows.common-controls_6595b64144ccf1df_6.0.17134.48_none_b4b2216a3cb4dd3e;C:\Program Files\Java\jre-10.0.1\bin\server

VM Arguments:
jvm_args: -agentlib:jdwp=transport=dt_socket,suspend=y,address=localhost:62533 -ea -Dfile.encoding=Cp1252 
java_command: org.testng.remote.RemoteTestNG -serport 62530 -protocol json -d C:\Users\pavan\eclipse-workspace\JungleSocks\test-output C:\Users\pavan\AppData\Local\Temp\testng-eclipse-2054583300\testng-customsuite.xml
java_class_path (initial): C:\Selenium\eclipse-java-oxygen-3a-win32-x86_64\eclipse\configuration\org.eclipse.osgi\513\0\.cp\lib\testng-remote.jar;C:\Users\pavan\eclipse-workspace\JungleSocks\bin;C:\Selenium\selenium-java-3.11.0\client-combined-3.11.0.jar;C:\Selenium\selenium-java-3.11.0\client-combined-3.11.0-sources.jar;C:\Selenium\selenium-java-3.11.0\libs\byte-buddy-1.7.9.jar;C:\Selenium\selenium-java-3.11.0\libs\commons-codec-1.10.jar;C:\Selenium\selenium-java-3.11.0\libs\commons-exec-1.3.jar;C:\Selenium\selenium-java-3.11.0\libs\commons-logging-1.2.jar;C:\Selenium\selenium-java-3.11.0\libs\gson-2.8.2.jar;C:\Selenium\selenium-java-3.11.0\libs\guava-23.6-jre.jar;C:\Selenium\selenium-java-3.11.0\libs\httpclient-4.5.3.jar;C:\Selenium\selenium-java-3.11.0\libs\httpcore-4.4.6.jar;C:\Selenium\selenium-java-3.11.0\libs\okhttp-3.9.1.jar;C:\Selenium\selenium-java-3.11.0\libs\okio-1.13.0.jar;C:\Users\pavan\Downloads\poi-bin-3.17-20170915\poi-3.17\poi-3.17.jar;C:\Users\pavan\Downloads\poi-bin-3.17-20170915\poi-3.17\poi-examples-3.17.jar;C:\Users\pavan\Downloads\poi-bin-3.17-20170915\poi-3.17\poi-excelant-3.17.jar;C:\Users\pavan\Downloads\poi-bin-3.17-20170915\poi-3.17\poi-ooxml-3.17.jar;C:\Users\pavan\Downloads\poi-bin-3.17-20170915\poi-3.17\poi-ooxml-schemas-3.17.jar;C:\Users\pavan\Downloads\poi-bin-3.17-20170915\poi-3.17\poi-scratchpad-3.17.jar;C:\Users\pavan\Downloads\poi-bin-3.17-20170915\poi-3.17\ooxml-lib\curvesapi-1.04.jar;C:\Users\pavan\Downloads\poi-bin-3.17-20170915\poi-3.17\ooxml-lib\xmlbeans-2.6.0.jar;C:\Users\pavan\Downloads\poi-bin-3.17-20170915\poi-3.17\lib\commons-codec-1.10.jar;C:\Users\pavan\Downloads\poi-bin-3.17-20170915\poi-3.17\lib\commons-collections4-4.1.jar;C:\Users\pavan\Downloads\poi-bin-3.17-20170915\poi-3.17\lib\commons-logging-1.2.jar;C:\Users\pavan\Downloads\poi-bin-3.17-20170915\poi-3.17\lib\junit-4.12.jar;C:\Users\pavan\Downloads\poi-bin-3.17-20170915\poi-3.17\lib\log4j-1.2.17.jar;C:\Selenium\eclipse-java-oxygen-3a-win32-x86_64\eclipse\pl
Launcher Type: SUN_STANDARD

Logging:
Log output configuration:
#0: stdout all=warning uptime,level,tags
#1: stderr all=off uptime,level,tags

Environment Variables:
JAVA_HOME=C:\Program Files\Java\jdk-10.0.1
PATH=C:\Program Files (x86)\Common Files\Oracle\Java\javapath;C:\Program Files (x86)\Intel\Intel(R) Management Engine Components\iCLS\;C:\Program Files\Intel\Intel(R) Management Engine Components\iCLS\;C:\WINDOWS\system32;C:\WINDOWS;C:\WINDOWS\System32\Wbem;C:\WINDOWS\System32\WindowsPowerShell\v1.0\;C:\Program Files (x86)\Intel\Intel(R) Management Engine Components\DAL;C:\Program Files\Intel\Intel(R) Management Engine Components\DAL;C:\Program Files (x86)\Intel\Intel(R) Management Engine Components\IPT;C:\Program Files\Intel\Intel(R) Management Engine Components\IPT;C:\Program Files\Intel\WiFi\bin\;C:\Program Files\Common Files\Intel\WirelessCommon\;C:\Program Files\Java\jdk-10.0.1\bin;C:\Program Files\dotnet\;C:\WINDOWS\System32\OpenSSH\;C:\Users\pavan\AppData\Local\Microsoft\WindowsApps;;C:\Program Files\Microsoft VS Code\bin
USERNAME=pavan
OS=Windows_NT
PROCESSOR_IDENTIFIER=Intel64 Family 6 Model 142 Stepping 10, GenuineIntel



---------------  S Y S T E M  ---------------

OS: Windows 10 , 64 bit Build 17134 (10.0.17134.1)

CPU:total 8 (initial active 8) (4 cores per cpu, 2 threads per core) family 6 model 142 stepping 10, cmov, cx8, fxsr, mmx, sse, sse2, sse3, ssse3, sse4.1, sse4.2, popcnt, avx, avx2, aes, clmul, erms, 3dnowpref, lzcnt, ht, tsc, tscinvbit, bmi1, bmi2, adx, fma

Memory: 4k page, physical 12478296k(5080160k free), swap 14968664k(3578416k free)

vm_info: Java HotSpot(TM) 64-Bit Server VM (10.0.1+10) for windows-amd64 JRE (10.0.1+10), built on Mar 27 2018 02:27:48 by "mach5one" with MS VC++ 12.0 (VS2013)

END.
